[2022-04-05T12:22:11.564] [DEBUG] default - create entity
[2022-04-05T12:22:11.578] [DEBUG] default - create entity
[2022-04-05T12:22:11.580] [DEBUG] default - create entity
[2022-04-05T12:22:11.581] [DEBUG] default - create entity
[2022-04-05T12:22:11.583] [DEBUG] default - create entity
[2022-04-05T12:22:11.584] [DEBUG] default - create entity
[2022-04-05T12:22:11.586] [DEBUG] default - create entity
[2022-04-05T12:22:11.587] [DEBUG] default - create entity
[2022-04-05T12:22:11.589] [DEBUG] default - create entity
[2022-04-05T12:22:11.591] [DEBUG] default - create entity
[2022-04-19T09:58:52.823] [DEBUG] default - create entity
[2022-04-19T09:58:52.828] [DEBUG] default - create entity
[2022-04-19T09:58:52.828] [DEBUG] default - create entity
[2022-04-19T09:58:52.828] [DEBUG] default - create entity
[2022-04-19T09:58:52.829] [DEBUG] default - create entity
[2022-04-19T09:58:52.829] [DEBUG] default - create entity
[2022-04-19T09:58:52.830] [DEBUG] default - create entity
[2022-04-19T09:58:52.830] [DEBUG] default - create entity
[2022-04-19T09:58:52.830] [DEBUG] default - create entity
[2022-04-19T09:58:52.831] [DEBUG] default - create entity
[2022-04-19T09:58:52.860] [DEBUG] default - create entity
[2022-04-19T09:58:52.860] [DEBUG] default - create entity
[2022-04-19T09:58:52.861] [DEBUG] default - create entity
[2022-04-19T09:58:52.862] [DEBUG] default - create entity
[2022-04-19T09:58:52.862] [DEBUG] default - create entity
[2022-04-19T09:58:52.863] [DEBUG] default - create entity
[2022-04-19T09:58:52.863] [DEBUG] default - create entity
[2022-04-19T09:58:52.863] [DEBUG] default - create entity
[2022-04-19T09:58:52.864] [DEBUG] default - create entity
[2022-04-19T09:58:52.864] [DEBUG] default - create entity
[2022-04-19T09:59:12.841] [DEBUG] default - truncate db
[2022-04-19T11:19:55.102] [DEBUG] default - create entity
[2022-04-19T11:19:55.114] [DEBUG] default - create entity
[2022-04-19T11:19:55.115] [DEBUG] default - create entity
[2022-04-19T11:19:55.116] [DEBUG] default - create entity
[2022-04-19T11:19:55.116] [DEBUG] default - create entity
[2022-04-19T11:19:55.117] [DEBUG] default - create entity
[2022-04-19T11:19:55.117] [DEBUG] default - create entity
[2022-04-19T11:19:55.117] [DEBUG] default - create entity
[2022-04-19T11:19:55.118] [DEBUG] default - create entity
[2022-04-19T11:19:55.118] [DEBUG] default - create entity
[2022-04-19T11:21:51.769] [DEBUG] default - truncate db
[2022-04-19T11:21:51.771] [DEBUG] default - truncate db
[2022-04-19T11:22:11.783] [DEBUG] default - create entity
[2022-04-19T11:22:11.784] [DEBUG] default - create entity
[2022-04-19T11:22:11.785] [DEBUG] default - create entity
[2022-04-19T11:22:11.785] [DEBUG] default - create entity
[2022-04-19T11:22:11.785] [DEBUG] default - create entity
[2022-04-19T11:22:11.785] [DEBUG] default - create entity
[2022-04-19T11:22:11.785] [DEBUG] default - create entity
[2022-04-19T11:22:11.785] [DEBUG] default - create entity
[2022-04-19T11:22:11.786] [DEBUG] default - create entity
[2022-04-19T11:22:11.786] [DEBUG] default - create entity
[2022-04-19T11:22:31.791] [DEBUG] default - truncate db
[2022-04-19T11:54:03.315] [DEBUG] default - create entity
[2022-04-19T11:54:03.346] [DEBUG] default - create entity
[2022-04-19T11:54:03.347] [DEBUG] default - create entity
[2022-04-19T11:54:03.352] [DEBUG] default - create entity
[2022-04-19T11:54:03.354] [DEBUG] default - create entity
[2022-04-19T11:54:03.356] [DEBUG] default - create entity
[2022-04-19T11:54:03.358] [DEBUG] default - create entity
[2022-04-19T11:54:03.359] [DEBUG] default - create entity
[2022-04-19T11:54:03.361] [DEBUG] default - create entity
[2022-04-19T11:54:03.363] [DEBUG] default - create entity
[2022-04-19T11:54:23.300] [DEBUG] default - truncate db
[2022-04-19T11:54:43.302] [DEBUG] default - create entity
[2022-04-19T11:54:43.303] [DEBUG] default - create entity
[2022-04-19T11:54:43.303] [DEBUG] default - create entity
[2022-04-19T11:54:43.304] [DEBUG] default - create entity
[2022-04-19T11:54:43.304] [DEBUG] default - create entity
[2022-04-19T11:54:43.304] [DEBUG] default - create entity
[2022-04-19T11:54:43.304] [DEBUG] default - create entity
[2022-04-19T11:54:43.304] [DEBUG] default - create entity
[2022-04-19T11:54:43.305] [DEBUG] default - create entity
[2022-04-19T11:54:43.305] [DEBUG] default - create entity
[2022-04-19T11:55:03.322] [DEBUG] default - truncate db
[2022-04-19T11:55:22.446] [DEBUG] default - Add
[2022-04-19T11:55:23.340] [DEBUG] default - create entity
[2022-04-19T11:55:23.342] [DEBUG] default - create entity
[2022-04-19T11:55:23.343] [DEBUG] default - create entity
[2022-04-19T11:55:23.343] [DEBUG] default - create entity
[2022-04-19T11:55:23.344] [DEBUG] default - create entity
[2022-04-19T11:55:23.345] [DEBUG] default - create entity
[2022-04-19T11:55:23.346] [DEBUG] default - create entity
[2022-04-19T11:55:23.346] [DEBUG] default - create entity
[2022-04-19T11:55:23.347] [DEBUG] default - create entity
[2022-04-19T11:55:23.347] [DEBUG] default - create entity
[2022-04-19T11:55:32.433] [DEBUG] default - Add
[2022-04-19T11:55:42.429] [DEBUG] default - Add
[2022-04-19T11:55:43.344] [DEBUG] default - truncate db
[2022-04-19T11:55:52.426] [DEBUG] default - Add
[2022-04-19T11:56:02.430] [DEBUG] default - Add
[2022-04-19T11:56:03.345] [DEBUG] default - create entity
[2022-04-19T11:56:03.347] [DEBUG] default - create entity
[2022-04-19T11:56:03.347] [DEBUG] default - create entity
[2022-04-19T11:56:03.348] [DEBUG] default - create entity
[2022-04-19T11:56:03.349] [DEBUG] default - create entity
[2022-04-19T11:56:03.349] [DEBUG] default - create entity
[2022-04-19T11:56:03.350] [DEBUG] default - create entity
[2022-04-19T11:56:03.351] [DEBUG] default - create entity
[2022-04-19T11:56:03.352] [DEBUG] default - create entity
[2022-04-19T11:56:03.352] [DEBUG] default - create entity
[2022-04-19T11:56:12.433] [DEBUG] default - Add
[2022-04-19T11:56:22.445] [DEBUG] default - Add
[2022-04-19T11:56:23.354] [DEBUG] default - truncate db
[2022-04-19T11:56:27.264] [DEBUG] default - restore from central data base
[2022-04-19T11:56:27.315] [DEBUG] default - restore [object Object]
[2022-04-19T11:56:27.327] [DEBUG] default - restore [object Object]
[2022-04-19T11:56:27.338] [DEBUG] default - restore [object Object]
[2022-04-19T11:56:27.350] [DEBUG] default - restore [object Object]
[2022-04-19T11:56:32.461] [DEBUG] default - Add
[2022-04-19T11:56:42.450] [DEBUG] default - Add
[2022-04-19T11:56:43.360] [DEBUG] default - create entity
[2022-04-19T11:56:43.362] [DEBUG] default - create entity
[2022-04-19T11:56:43.362] [DEBUG] default - create entity
[2022-04-19T11:56:43.363] [DEBUG] default - create entity
[2022-04-19T11:56:43.363] [DEBUG] default - create entity
[2022-04-19T11:56:43.364] [DEBUG] default - create entity
[2022-04-19T11:56:52.454] [DEBUG] default - Add
[2022-04-19T11:57:02.478] [DEBUG] default - Add
[2022-04-19T11:57:03.370] [DEBUG] default - create entity
[2022-04-19T11:57:12.479] [DEBUG] default - Add
[2022-04-19T11:57:22.482] [DEBUG] default - Add
[2022-04-19T11:57:23.380] [DEBUG] default - create entity
[2022-04-19T11:57:32.479] [DEBUG] default - Add
[2022-04-19T11:57:42.487] [DEBUG] default - Add
[2022-04-19T11:57:43.388] [DEBUG] default - create entity
[2022-04-19T11:57:52.489] [DEBUG] default - Add
[2022-04-19T11:58:02.493] [DEBUG] default - Add
[2022-04-19T11:58:03.393] [DEBUG] default - create entity
[2022-04-19T11:58:12.491] [DEBUG] default - Add
[2022-04-19T11:58:22.518] [DEBUG] default - Add
[2022-04-19T11:58:23.417] [DEBUG] default - create entity
[2022-04-19T11:58:32.505] [DEBUG] default - Add
[2022-04-19T11:58:42.480] [DEBUG] default - Add
[2022-04-19T11:58:43.430] [DEBUG] default - create entity
